<?xml version="1.0" encoding="utf-8"?><testsuites name="pytest tests"><testsuite name="pytest" errors="0" failures="0" skipped="0" tests="10" time="1.167" timestamp="2026-02-10T11:05:15.626745-05:00" hostname="DESKTOP-PQKN9KB"><testcase classname="chapters.intelligence.tests.test_proxy" name="test_proxy_fetch_success" time="0.021" /><testcase classname="chapters.intelligence.tests.test_proxy" name="test_proxy_not_found" time="0.004" /><testcase classname="chapters.intelligence.tests.test_proxy" name="test_proxy_auth_error" time="0.004" /><testcase classname="chapters.intelligence.tests.test_proxy" name="test_proxy_sanitization" time="0.004" /><testcase classname="chapters.intelligence.tests.test_proxy" name="test_proxy_caching_args" time="0.005" /><testcase classname="chapters.intelligence.tests.test_proxy" name="test_proxy_missing_id" time="0.003" /><testcase classname="chapters.intelligence.tests.test_proxy" name="test_proxy_html_rendering" time="0.004" /><testcase classname="chapters.intelligence.tests.test_proxy" name="test_proxy_plain_text" time="0.003" /><testcase classname="chapters.intelligence.tests.test_proxy" name="test_proxy_attachment_handling" time="0.003" /><testcase classname="chapters.intelligence.tests.test_proxy" name="test_proxy_rate_limit" time="0.004" /></testsuite></testsuites>